[0m13:55:28.849079 [debug] [MainThread]: Sending event: {'category': 'dbt', 'action': 'invocation', 'label': 'start', 'context': [<snowplow_tracker.self_describing_json.SelfDescribingJson object at 0x108110ad0>, <snowplow_tracker.self_describing_json.SelfDescribingJson object at 0x109d274d0>, <snowplow_tracker.self_describing_json.SelfDescribingJson object at 0x109d27750>]}


============================== 13:55:28.851462 | 04d40bf5-cb26-4477-9e74-a8a6bfdd48e8 ==============================
[0m13:55:28.851462 [info ] [MainThread]: Running with dbt=1.12.0
[0m13:55:28.851708 [debug] [MainThread]: running dbt with arguments {'debug': 'False', 'profiles_dir': '/Users/shahbazshaikh/.dbt', 'warn_error_options': 'WarnErrorOptionsV2(error=[], warn=[], silence=[])', 'fail_fast': 'False', 'no_print': 'None', 'static_parser': 'True', 'cache_selected_only': 'False', 'log_path': 'logs', 'introspect': 'True', 'version_check': 'True', 'use_experimental_parser': 'False', 'invocation_command': 'dbt init netflix', 'log_format': 'default', 'send_anonymous_usage_stats': 'True', 'maximum_seed_size_mib': '1', 'target_path': 'None', 'write_json': 'True', 'quiet': 'False', 'log_cache_events': 'False', 'partial_parse': 'True', 'warn_error': 'None', 'indirect_selection': 'eager', 'use_colors': 'True', 'hints_enabled': 'True', 'empty': 'None', 'printer_width': '80'}
[0m13:55:28.858849 [debug] [MainThread]: Starter project path: /Users/shahbazshaikh/Documents/netflixdbt/venv/lib/python3.13/site-packages/dbt/include/starter_project
[0m13:55:28.862176 [info ] [MainThread]: Setting up your profile.
[0m13:55:41.858428 [error] [MainThread]: [[31mERROR[0m]: Encountered an error:

[0m13:55:41.869178 [error] [MainThread]: Traceback (most recent call last):
  File "/Users/shahbazshaikh/Documents/netflixdbt/venv/lib/python3.13/site-packages/dbt/cli/requires.py", line 190, in wrapper
    result, success = func(*args, **kwargs)
                      ~~~~^^^^^^^^^^^^^^^^^
  File "/Users/shahbazshaikh/Documents/netflixdbt/venv/lib/python3.13/site-packages/dbt/cli/requires.py", line 136, in wrapper
    return func(*args, **kwargs)
  File "/Users/shahbazshaikh/Documents/netflixdbt/venv/lib/python3.13/site-packages/dbt/cli/main.py", line 503, in init
    results = task.run()
  File "/Users/shahbazshaikh/Documents/netflixdbt/venv/lib/python3.13/site-packages/dbt/task/init.py", line 360, in run
    self.setup_profile(profile_name)
    ~~~~~~~~~~~~~~~~~~^^^^^^^^^^^^^^
  File "/Users/shahbazshaikh/Documents/netflixdbt/venv/lib/python3.13/site-packages/dbt/task/init.py", line 263, in setup_profile
    adapter = self.ask_for_adapter_choice()
  File "/Users/shahbazshaikh/Documents/netflixdbt/venv/lib/python3.13/site-packages/dbt/task/init.py", line 244, in ask_for_adapter_choice
    numeric_choice = click.prompt(prompt_msg, type=click.INT)
  File "/Users/shahbazshaikh/Documents/netflixdbt/venv/lib/python3.13/site-packages/click/termui.py", line 218, in prompt
    value = prompt_func(prompt)
  File "/Users/shahbazshaikh/Documents/netflixdbt/venv/lib/python3.13/site-packages/click/termui.py", line 201, in prompt_func
    raise Abort() from None
click.exceptions.Abort

[0m13:55:41.882528 [debug] [MainThread]: Resource report: {"command_name": "init", "command_success": false, "command_wall_clock_time": 13.068341, "process_in_blocks": "0", "process_kernel_time": 0.110375, "process_mem_max_rss": "123256832", "process_out_blocks": "0", "process_user_time": 0.594721}
[0m13:55:41.883461 [debug] [MainThread]: Command `dbt init` failed at 13:55:41.883291 after 13.07 seconds
[0m13:55:41.883962 [debug] [MainThread]: Sending event: {'category': 'dbt', 'action': 'invocation', 'label': 'end', 'context': [<snowplow_tracker.self_describing_json.SelfDescribingJson object at 0x109e8c050>, <snowplow_tracker.self_describing_json.SelfDescribingJson object at 0x109e1d010>, <snowplow_tracker.self_describing_json.SelfDescribingJson object at 0x109e05f20>]}
[0m13:55:41.884491 [debug] [MainThread]: Flushing usage events
[0m13:55:42.727329 [debug] [MainThread]: An error was encountered while trying to flush usage events
[0m13:56:05.245617 [debug] [MainThread]: Sending event: {'category': 'dbt', 'action': 'invocation', 'label': 'start', 'context': [<snowplow_tracker.self_describing_json.SelfDescribingJson object at 0x105410ad0>, <snowplow_tracker.self_describing_json.SelfDescribingJson object at 0x1070274d0>, <snowplow_tracker.self_describing_json.SelfDescribingJson object at 0x107027750>]}


============================== 13:56:05.247762 | 7dfb7491-c48a-4d51-a834-115f2be87904 ==============================
[0m13:56:05.247762 [info ] [MainThread]: Running with dbt=1.12.0
[0m13:56:05.248008 [debug] [MainThread]: running dbt with arguments {'cache_selected_only': 'False', 'no_print': 'None', 'target_path': 'None', 'use_colors': 'True', 'profiles_dir': '/Users/shahbazshaikh/.dbt', 'introspect': 'True', 'write_json': 'True', 'static_parser': 'True', 'warn_error': 'None', 'partial_parse': 'True', 'invocation_command': 'dbt init netflix', 'send_anonymous_usage_stats': 'True', 'use_experimental_parser': 'False', 'log_cache_events': 'False', 'empty': 'None', 'printer_width': '80', 'quiet': 'False', 'log_format': 'default', 'hints_enabled': 'True', 'warn_error_options': 'WarnErrorOptionsV2(error=[], warn=[], silence=[])', 'debug': 'False', 'fail_fast': 'False', 'version_check': 'True', 'maximum_seed_size_mib': '1', 'log_path': 'logs', 'indirect_selection': 'eager'}
[0m13:56:05.254767 [info ] [MainThread]: A project called netflix already exists here.
[0m13:56:05.255774 [debug] [MainThread]: Resource report: {"command_name": "init", "command_success": true, "command_wall_clock_time": 0.04232825, "process_in_blocks": "0", "process_kernel_time": 0.080159, "process_mem_max_rss": "119668736", "process_out_blocks": "0", "process_user_time": 0.493118}
[0m13:56:05.255954 [debug] [MainThread]: Command `dbt init` succeeded at 13:56:05.255920 after 0.04 seconds
[0m13:56:05.256068 [debug] [MainThread]: Sending event: {'category': 'dbt', 'action': 'invocation', 'label': 'end', 'context': [<snowplow_tracker.self_describing_json.SelfDescribingJson object at 0x10704ac40>, <snowplow_tracker.self_describing_json.SelfDescribingJson object at 0x1070c4710>, <snowplow_tracker.self_describing_json.SelfDescribingJson object at 0x10705b8a0>]}
[0m13:56:05.256188 [debug] [MainThread]: Flushing usage events
[0m13:56:06.085563 [debug] [MainThread]: An error was encountered while trying to flush usage events
[0m13:58:59.929294 [debug] [MainThread]: Sending event: {'category': 'dbt', 'action': 'invocation', 'label': 'start', 'context': [<snowplow_tracker.self_describing_json.SelfDescribingJson object at 0x104970ad0>, <snowplow_tracker.self_describing_json.SelfDescribingJson object at 0x105e4b4d0>, <snowplow_tracker.self_describing_json.SelfDescribingJson object at 0x105e4b750>]}


============================== 13:58:59.931605 | f991ee94-4fc3-4ec9-b7bf-a7e2349ca1bc ==============================
[0m13:58:59.931605 [info ] [MainThread]: Running with dbt=1.12.0
[0m13:58:59.931851 [debug] [MainThread]: running dbt with arguments {'warn_error': 'None', 'use_experimental_parser': 'False', 'log_cache_events': 'False', 'no_print': 'None', 'debug': 'False', 'introspect': 'True', 'indirect_selection': 'eager', 'write_json': 'True', 'empty': 'None', 'target_path': 'None', 'quiet': 'False', 'cache_selected_only': 'False', 'static_parser': 'True', 'partial_parse': 'True', 'printer_width': '80', 'hints_enabled': 'True', 'warn_error_options': 'WarnErrorOptionsV2(error=[], warn=[], silence=[])', 'fail_fast': 'False', 'use_colors': 'True', 'log_path': 'logs', 'log_format': 'default', 'version_check': 'True', 'profiles_dir': '/Users/shahbazshaikh/.dbt', 'maximum_seed_size_mib': '1', 'send_anonymous_usage_stats': 'True', 'invocation_command': 'dbt init my_dbt_project'}
[0m13:58:59.938828 [debug] [MainThread]: Starter project path: /Users/shahbazshaikh/Documents/netflixdbt/venv/lib/python3.13/site-packages/dbt/include/starter_project
[0m13:58:59.942147 [info ] [MainThread]: Setting up your profile.
[0m13:59:03.027551 [debug] [MainThread]: Snowflake adapter: Setting snowflake.connector to ERROR (file logging only)
[0m13:59:03.028336 [debug] [MainThread]: Snowflake adapter: Setting botocore to ERROR (file logging only)
[0m13:59:03.028661 [debug] [MainThread]: Snowflake adapter: Setting boto3 to ERROR (file logging only)
[0m14:03:32.792902 [info ] [MainThread]: Profile my_dbt_project written to /Users/shahbazshaikh/.dbt/profiles.yml using target's profile_template.yml and your supplied values.
[0m14:03:32.799400 [info ] [MainThread]: Running dbt debug to validate the project...
[0m14:03:32.801478 [info ] [MainThread]: dbt version: 1.12.0
[0m14:03:32.802228 [info ] [MainThread]: python version: 3.13.9
[0m14:03:32.802579 [info ] [MainThread]: python path: /Users/shahbazshaikh/Documents/netflixdbt/venv/bin/python
[0m14:03:32.802880 [info ] [MainThread]: os info: macOS-15.7.7-arm64-arm-64bit-Mach-O
[0m14:03:32.838500 [info ] [MainThread]: Using profiles dir at /Users/shahbazshaikh/.dbt
[0m14:03:32.838753 [info ] [MainThread]: Using profiles.yml file at /Users/shahbazshaikh/.dbt/profiles.yml
[0m14:03:32.838888 [info ] [MainThread]: Using dbt_project.yml file at /Users/shahbazshaikh/Documents/netflixdbt/my_dbt_project/dbt_project.yml
[0m14:03:32.839326 [info ] [MainThread]: adapter type: snowflake
[0m14:03:32.839530 [info ] [MainThread]: adapter version: 1.12.0
[0m14:03:32.878639 [info ] [MainThread]: Configuration:
[0m14:03:32.878858 [info ] [MainThread]:   profiles.yml file [[32mOK found and valid[0m]
[0m14:03:32.878972 [info ] [MainThread]:   dbt_project.yml file [[32mOK found and valid[0m]
[0m14:03:32.879070 [info ] [MainThread]: Required dependencies:
[0m14:03:32.879231 [debug] [MainThread]: Executing "git --help"
[0m14:03:32.895426 [debug] [MainThread]: STDOUT: "b"usage: git [-v | --version] [-h | --help] [-C <path>] [-c <name>=<value>]\n           [--exec-path[=<path>]] [--html-path] [--man-path] [--info-path]\n           [-p | --paginate | -P | --no-pager] [--no-replace-objects] [--no-lazy-fetch]\n           [--no-optional-locks] [--no-advice] [--bare] [--git-dir=<path>]\n           [--work-tree=<path>] [--namespace=<name>] [--config-env=<name>=<envvar>]\n           <command> [<args>]\n\nThese are common Git commands used in various situations:\n\nstart a working area (see also: git help tutorial)\n   clone      Clone a repository into a new directory\n   init       Create an empty Git repository or reinitialize an existing one\n\nwork on the current change (see also: git help everyday)\n   add        Add file contents to the index\n   mv         Move or rename a file, a directory, or a symlink\n   restore    Restore working tree files\n   rm         Remove files from the working tree and from the index\n\nexamine the history and state (see also: git help revisions)\n   bisect     Use binary search to find the commit that introduced a bug\n   diff       Show changes between commits, commit and working tree, etc\n   grep       Print lines matching a pattern\n   log        Show commit logs\n   show       Show various types of objects\n   status     Show the working tree status\n\ngrow, mark and tweak your common history\n   backfill   Download missing objects in a partial clone\n   branch     List, create, or delete branches\n   commit     Record changes to the repository\n   merge      Join two or more development histories together\n   rebase     Reapply commits on top of another base tip\n   reset      Reset current HEAD to the specified state\n   switch     Switch branches\n   tag        Create, list, delete or verify a tag object signed with GPG\n\ncollaborate (see also: git help workflows)\n   fetch      Download objects and refs from another repository\n   pull       Fetch from and integrate with another repository or a local branch\n   push       Update remote refs along with associated objects\n\n'git help -a' and 'git help -g' list available subcommands and some\nconcept guides. See 'git help <command>' or 'git help <concept>'\nto read about a specific subcommand or concept.\nSee 'git help git' for an overview of the system.\n""
[0m14:03:32.895867 [debug] [MainThread]: STDERR: "b''"
[0m14:03:32.896022 [info ] [MainThread]:  - git [[32mOK found[0m]

[0m14:03:32.896149 [info ] [MainThread]: Connection:
[0m14:03:32.896279 [info ] [MainThread]:   account: AXVORIK-VRB32548
[0m14:03:32.896377 [info ] [MainThread]:   user: dbt
[0m14:03:32.896464 [info ] [MainThread]:   database: MOVIELENS
[0m14:03:32.896548 [info ] [MainThread]:   warehouse: COMPUTE_WH
[0m14:03:32.896632 [info ] [MainThread]:   role: TRANSFORM
[0m14:03:32.896711 [info ] [MainThread]:   schema: MOVIELENS.RAW
[0m14:03:32.896793 [info ] [MainThread]:   authenticator: None
[0m14:03:32.896876 [info ] [MainThread]:   oauth_client_id: None
[0m14:03:32.896955 [info ] [MainThread]:   query_tag: None
[0m14:03:32.897040 [info ] [MainThread]:   client_session_keep_alive: False
[0m14:03:32.897120 [info ] [MainThread]:   host: None
[0m14:03:32.897198 [info ] [MainThread]:   port: None
[0m14:03:32.897277 [info ] [MainThread]:   proxy_host: None
[0m14:03:32.897354 [info ] [MainThread]:   proxy_port: None
[0m14:03:32.897433 [info ] [MainThread]:   protocol: None
[0m14:03:32.897510 [info ] [MainThread]:   connect_retries: 1
[0m14:03:32.897587 [info ] [MainThread]:   connect_timeout: None
[0m14:03:32.897666 [info ] [MainThread]:   retry_on_database_errors: False
[0m14:03:32.897745 [info ] [MainThread]:   retry_all: False
[0m14:03:32.897822 [info ] [MainThread]:   insecure_mode: False
[0m14:03:32.897901 [info ] [MainThread]:   reuse_connections: True
[0m14:03:32.897979 [info ] [MainThread]:   s3_stage_vpce_dns_name: None
[0m14:03:32.898057 [info ] [MainThread]:   workload_identity_provider: None
[0m14:03:32.898138 [info ] [MainThread]:   workload_identity_entra_resource: None
[0m14:03:32.898215 [info ] [MainThread]:   platform_detection_timeout_seconds: 0.0
[0m14:03:32.898525 [info ] [MainThread]: Registered adapter: snowflake=1.12.0
[0m14:03:32.940789 [debug] [MainThread]: Acquiring new snowflake connection 'debug'
[0m14:03:32.942083 [debug] [MainThread]: Using snowflake connection "debug"
[0m14:03:32.942222 [debug] [MainThread]: On debug: select 1 as id
[0m14:03:32.942357 [debug] [MainThread]: Opening a new connection, currently in state init
[0m14:03:35.097134 [debug] [MainThread]: SQL status: SUCCESS 1 in 2.155 seconds
[0m14:03:35.099237 [info ] [MainThread]:   Connection test: [[32mOK connection ok[0m]

[0m14:03:35.099964 [info ] [MainThread]: [32mAll checks passed![0m
[0m14:03:35.101067 [info ] [MainThread]: Your new dbt project "my_dbt_project" was created!
Initialized new project in /Users/shahbazshaikh/Documents/netflixdbt/my_dbt_project/my_dbt_project

For more information on how to configure the profiles.yml file,
please consult the dbt documentation here:

  https://docs.getdbt.com/docs/configure-your-profile

One more thing:

Need help? Don't hesitate to reach out to us via GitHub issues or on Slack:

  https://community.getdbt.com/

Happy modeling!

[0m14:03:35.106329 [debug] [MainThread]: Resource report: {"command_name": "init", "command_success": true, "command_wall_clock_time": 275.2257, "process_in_blocks": "0", "process_kernel_time": 0.21081, "process_mem_max_rss": "153993216", "process_out_blocks": "0", "process_user_time": 0.997689}
[0m14:03:35.107463 [debug] [MainThread]: Command `dbt init` succeeded at 14:03:35.107204 after 275.23 seconds
[0m14:03:35.108024 [debug] [MainThread]: Connection 'debug' was left open.
[0m14:03:35.108378 [debug] [MainThread]: On debug: Close
[0m14:03:35.820494 [debug] [MainThread]: Sending event: {'category': 'dbt', 'action': 'invocation', 'label': 'end', 'context': [<snowplow_tracker.self_describing_json.SelfDescribingJson object at 0x108c3da70>, <snowplow_tracker.self_describing_json.SelfDescribingJson object at 0x108c72330>, <snowplow_tracker.self_describing_json.SelfDescribingJson object at 0x108bf78a0>]}
[0m14:03:35.822887 [debug] [MainThread]: Flushing usage events
[0m14:03:36.680390 [debug] [MainThread]: An error was encountered while trying to flush usage events
[0m16:31:53.647498 [debug] [MainThread]: Sending event: {'category': 'dbt', 'action': 'invocation', 'label': 'start', 'context': [<snowplow_tracker.self_describing_json.SelfDescribingJson object at 0x118510ad0>, <snowplow_tracker.self_describing_json.SelfDescribingJson object at 0x11a28b4d0>, <snowplow_tracker.self_describing_json.SelfDescribingJson object at 0x11a28b890>]}


============================== 16:31:53.650790 | d248abf1-a384-4a10-89ae-e546ee195c30 ==============================
[0m16:31:53.650790 [info ] [MainThread]: Running with dbt=1.12.0
[0m16:31:53.651122 [debug] [MainThread]: running dbt with arguments {'send_anonymous_usage_stats': 'True', 'no_print': 'None', 'partial_parse': 'True', 'warn_error': 'None', 'static_parser': 'True', 'debug': 'False', 'log_path': 'logs', 'quiet': 'False', 'empty': 'False', 'target_path': 'None', 'hints_enabled': 'True', 'warn_error_options': 'WarnErrorOptionsV2(error=[], warn=[], silence=[])', 'printer_width': '80', 'use_colors': 'True', 'introspect': 'True', 'write_json': 'True', 'version_check': 'True', 'cache_selected_only': 'False', 'profiles_dir': '/Users/shahbazshaikh/.dbt', 'invocation_command': 'dbt run', 'use_experimental_parser': 'False', 'log_cache_events': 'False', 'indirect_selection': 'eager', 'maximum_seed_size_mib': '1', 'fail_fast': 'False', 'log_format': 'default'}
[0m16:31:53.651400 [error] [MainThread]: [[31mERROR[0m]: Encountered an error:
Runtime Error
  No dbt_project.yml found at expected path /Users/shahbazshaikh/Documents/netflixdbt/dbt_project.yml
  Verify that each entry within packages.yml (and their transitive dependencies) contains a file named dbt_project.yml
  
[0m16:31:53.653110 [debug] [MainThread]: Resource report: {"command_name": "run", "command_success": false, "command_wall_clock_time": 0.042874917, "process_in_blocks": "0", "process_kernel_time": 0.113352, "process_mem_max_rss": "121241600", "process_out_blocks": "0", "process_user_time": 0.598936}
[0m16:31:53.653364 [debug] [MainThread]: Command `dbt run` failed at 16:31:53.653320 after 0.04 seconds
[0m16:31:53.653521 [debug] [MainThread]: Sending event: {'category': 'dbt', 'action': 'invocation', 'label': 'end', 'context': [<snowplow_tracker.self_describing_json.SelfDescribingJson object at 0x11a29f820>, <snowplow_tracker.self_describing_json.SelfDescribingJson object at 0x11a324710>, <snowplow_tracker.self_describing_json.SelfDescribingJson object at 0x11a2e58c0>]}
[0m16:31:53.653667 [debug] [MainThread]: Flushing usage events
[0m16:31:54.489292 [debug] [MainThread]: An error was encountered while trying to flush usage events
[0m16:32:25.695403 [debug] [MainThread]: Sending event: {'category': 'dbt', 'action': 'invocation', 'label': 'start', 'context': [<snowplow_tracker.self_describing_json.SelfDescribingJson object at 0x10845cad0>, <snowplow_tracker.self_describing_json.SelfDescribingJson object at 0x1099974d0>, <snowplow_tracker.self_describing_json.SelfDescribingJson object at 0x109997890>]}


============================== 16:32:25.697380 | 53942a79-8d17-4e4d-b656-c2db99d3e1c6 ==============================
[0m16:32:25.697380 [info ] [MainThread]: Running with dbt=1.12.0
[0m16:32:25.697677 [debug] [MainThread]: running dbt with arguments {'log_path': 'logs', 'log_cache_events': 'False', 'no_print': 'None', 'log_format': 'default', 'hints_enabled': 'True', 'quiet': 'False', 'target_path': 'None', 'partial_parse': 'True', 'fail_fast': 'False', 'invocation_command': 'dbt run', 'static_parser': 'True', 'warn_error_options': 'WarnErrorOptionsV2(error=[], warn=[], silence=[])', 'write_json': 'True', 'indirect_selection': 'eager', 'version_check': 'True', 'use_colors': 'True', 'printer_width': '80', 'debug': 'False', 'cache_selected_only': 'False', 'maximum_seed_size_mib': '1', 'empty': 'False', 'introspect': 'True', 'send_anonymous_usage_stats': 'True', 'warn_error': 'None', 'profiles_dir': '/Users/shahbazshaikh/.dbt', 'use_experimental_parser': 'False'}
[0m16:32:25.697899 [error] [MainThread]: [[31mERROR[0m]: Encountered an error:
Runtime Error
  No dbt_project.yml found at expected path /Users/shahbazshaikh/Documents/netflixdbt/dbt_project.yml
  Verify that each entry within packages.yml (and their transitive dependencies) contains a file named dbt_project.yml
  
[0m16:32:25.698837 [debug] [MainThread]: Resource report: {"command_name": "run", "command_success": false, "command_wall_clock_time": 0.034675043, "process_in_blocks": "0", "process_kernel_time": 0.068619, "process_mem_max_rss": "120389632", "process_out_blocks": "0", "process_user_time": 0.488834}
[0m16:32:25.699016 [debug] [MainThread]: Command `dbt run` failed at 16:32:25.698983 after 0.03 seconds
[0m16:32:25.699142 [debug] [MainThread]: Sending event: {'category': 'dbt', 'action': 'invocation', 'label': 'end', 'context': [<snowplow_tracker.self_describing_json.SelfDescribingJson object at 0x1099ab820>, <snowplow_tracker.self_describing_json.SelfDescribingJson object at 0x109a30710>, <snowplow_tracker.self_describing_json.SelfDescribingJson object at 0x1099f18c0>]}
[0m16:32:25.699260 [debug] [MainThread]: Flushing usage events
[0m16:32:26.560602 [debug] [MainThread]: An error was encountered while trying to flush usage events
[0m12:58:02.469405 [debug] [MainThread]: Sending event: {'category': 'dbt', 'action': 'invocation', 'label': 'start', 'context': [<snowplow_tracker.self_describing_json.SelfDescribingJson object at 0x109958ad0>, <snowplow_tracker.self_describing_json.SelfDescribingJson object at 0x10c08b4d0>, <snowplow_tracker.self_describing_json.SelfDescribingJson object at 0x10c08b890>]}


============================== 12:58:02.472528 | d1f1a5af-ba74-4017-8910-2d732b015b32 ==============================
[0m12:58:02.472528 [info ] [MainThread]: Running with dbt=1.12.0
[0m12:58:02.472781 [debug] [MainThread]: running dbt with arguments {'log_path': 'logs', 'use_experimental_parser': 'False', 'printer_width': '80', 'partial_parse': 'True', 'target_path': 'None', 'warn_error_options': 'WarnErrorOptionsV2(error=[], warn=[], silence=[])', 'hints_enabled': 'True', 'fail_fast': 'False', 'no_print': 'None', 'log_format': 'default', 'empty': 'False', 'log_cache_events': 'False', 'introspect': 'True', 'invocation_command': 'dbt run --model fct_ratings', 'use_colors': 'True', 'maximum_seed_size_mib': '1', 'quiet': 'False', 'send_anonymous_usage_stats': 'True', 'warn_error': 'None', 'version_check': 'True', 'cache_selected_only': 'False', 'indirect_selection': 'eager', 'profiles_dir': '/Users/shahbazshaikh/.dbt', 'write_json': 'True', 'debug': 'False', 'static_parser': 'True'}
[0m12:58:02.472992 [warn ] [MainThread]: [[33mWARNING[0m][ModelParamUsageDeprecation]: Deprecated functionality
Usage of `--models`, `--model`, and `-m` is deprecated in favor of `--select` or
`-s`.
[0m12:58:02.473128 [debug] [MainThread]: Sending event: {'category': 'dbt', 'action': 'deprecation', 'label': 'd1f1a5af-ba74-4017-8910-2d732b015b32', 'property_': 'warn', 'context': [<snowplow_tracker.self_describing_json.SelfDescribingJson object at 0x10c09f100>]}
[0m12:58:02.473388 [error] [MainThread]: [[31mERROR[0m]: Encountered an error:
Runtime Error
  No dbt_project.yml found at expected path /Users/shahbazshaikh/Documents/netflixdbt/dbt_project.yml
  Verify that each entry within packages.yml (and their transitive dependencies) contains a file named dbt_project.yml
  
[0m12:58:02.473579 [warn ] [MainThread]: [[33mWARNING[0m][DeprecationsSummary]: Deprecated functionality
Summary of encountered deprecations:
- ModelParamUsageDeprecation: 1 occurrence
To see all deprecation instances instead of just the first occurrence of each,
run command again with the `--show-all-deprecations` flag. You may also need to
run with `--no-partial-parse` as some deprecations are only encountered during
parsing.
[0m12:58:02.475271 [debug] [MainThread]: Resource report: {"command_name": "run", "command_success": false, "command_wall_clock_time": 0.0466675, "process_in_blocks": "0", "process_kernel_time": 0.118779, "process_mem_max_rss": "121667584", "process_out_blocks": "0", "process_user_time": 0.604139}
[0m12:58:02.475495 [debug] [MainThread]: Command `dbt run` failed at 12:58:02.475450 after 0.05 seconds
[0m12:58:02.475651 [debug] [MainThread]: Sending event: {'category': 'dbt', 'action': 'invocation', 'label': 'end', 'context': [<snowplow_tracker.self_describing_json.SelfDescribingJson object at 0x10c0e58c0>, <snowplow_tracker.self_describing_json.SelfDescribingJson object at 0x10c0e59d0>, <snowplow_tracker.self_describing_json.SelfDescribingJson object at 0x10bea7750>]}
[0m12:58:02.475774 [debug] [MainThread]: Flushing usage events
[0m12:58:03.456613 [debug] [MainThread]: An error was encountered while trying to flush usage events
[0m12:09:20.657119 [debug] [MainThread]: Sending event: {'category': 'dbt', 'action': 'invocation', 'label': 'start', 'context': [<snowplow_tracker.self_describing_json.SelfDescribingJson object at 0x108a08ad0>, <snowplow_tracker.self_describing_json.SelfDescribingJson object at 0x10a88b4d0>, <snowplow_tracker.self_describing_json.SelfDescribingJson object at 0x10a88b890>]}


============================== 12:09:20.660213 | 8df731c1-c6d9-4e20-ada6-50d9dea5385b ==============================
[0m12:09:20.660213 [info ] [MainThread]: Running with dbt=1.12.0
[0m12:09:20.660469 [debug] [MainThread]: running dbt with arguments {'introspect': 'True', 'log_path': 'logs', 'version_check': 'True', 'static_parser': 'True', 'debug': 'False', 'indirect_selection': 'eager', 'log_format': 'default', 'target_path': 'None', 'warn_error_options': 'WarnErrorOptionsV2(error=[], warn=[], silence=[])', 'printer_width': '80', 'no_print': 'None', 'partial_parse': 'True', 'profiles_dir': '/Users/shahbazshaikh/.dbt', 'use_colors': 'True', 'quiet': 'False', 'invocation_command': 'dbt run --model mart_movie_releases', 'send_anonymous_usage_stats': 'True', 'empty': 'False', 'log_cache_events': 'False', 'maximum_seed_size_mib': '1', 'cache_selected_only': 'False', 'fail_fast': 'False', 'use_experimental_parser': 'False', 'warn_error': 'None', 'hints_enabled': 'True', 'write_json': 'True'}
[0m12:09:20.660679 [warn ] [MainThread]: [[33mWARNING[0m][ModelParamUsageDeprecation]: Deprecated functionality
Usage of `--models`, `--model`, and `-m` is deprecated in favor of `--select` or
`-s`.
[0m12:09:20.660818 [debug] [MainThread]: Sending event: {'category': 'dbt', 'action': 'deprecation', 'label': '8df731c1-c6d9-4e20-ada6-50d9dea5385b', 'property_': 'warn', 'context': [<snowplow_tracker.self_describing_json.SelfDescribingJson object at 0x10a89f100>]}
[0m12:09:20.661179 [error] [MainThread]: [[31mERROR[0m]: Encountered an error:
Runtime Error
  No dbt_project.yml found at expected path /Users/shahbazshaikh/Documents/netflixdbt/dbt_project.yml
  Verify that each entry within packages.yml (and their transitive dependencies) contains a file named dbt_project.yml
  
[0m12:09:20.661438 [warn ] [MainThread]: [[33mWARNING[0m][DeprecationsSummary]: Deprecated functionality
Summary of encountered deprecations:
- ModelParamUsageDeprecation: 1 occurrence
To see all deprecation instances instead of just the first occurrence of each,
run command again with the `--show-all-deprecations` flag. You may also need to
run with `--no-partial-parse` as some deprecations are only encountered during
parsing.
[0m12:09:20.663130 [debug] [MainThread]: Resource report: {"command_name": "run", "command_success": false, "command_wall_clock_time": 0.044051956, "process_in_blocks": "0", "process_kernel_time": 0.101158, "process_mem_max_rss": "121438208", "process_out_blocks": "0", "process_user_time": 0.598158}
[0m12:09:20.663347 [debug] [MainThread]: Command `dbt run` failed at 12:09:20.663311 after 0.04 seconds
[0m12:09:20.663481 [debug] [MainThread]: Sending event: {'category': 'dbt', 'action': 'invocation', 'label': 'end', 'context': [<snowplow_tracker.self_describing_json.SelfDescribingJson object at 0x10a8e58c0>, <snowplow_tracker.self_describing_json.SelfDescribingJson object at 0x10a8e59d0>, <snowplow_tracker.self_describing_json.SelfDescribingJson object at 0x10a6a7750>]}
[0m12:09:20.663598 [debug] [MainThread]: Flushing usage events
[0m12:09:22.421212 [debug] [MainThread]: An error was encountered while trying to flush usage events
[0m12:10:31.456515 [debug] [MainThread]: Sending event: {'category': 'dbt', 'action': 'invocation', 'label': 'start', 'context': [<snowplow_tracker.self_describing_json.SelfDescribingJson object at 0x105c5cad0>, <snowplow_tracker.self_describing_json.SelfDescribingJson object at 0x1071934d0>, <snowplow_tracker.self_describing_json.SelfDescribingJson object at 0x107193890>]}


============================== 12:10:31.459214 | e28d3dad-1848-44a2-8222-5c0ab882119b ==============================
[0m12:10:31.459214 [info ] [MainThread]: Running with dbt=1.12.0
[0m12:10:31.459466 [debug] [MainThread]: running dbt with arguments {'warn_error_options': 'WarnErrorOptionsV2(error=[], warn=[], silence=[])', 'version_check': 'True', 'log_path': 'logs', 'use_experimental_parser': 'False', 'printer_width': '80', 'partial_parse': 'True', 'empty': 'False', 'cache_selected_only': 'False', 'profiles_dir': '/Users/shahbazshaikh/.dbt', 'static_parser': 'True', 'hints_enabled': 'True', 'no_print': 'None', 'indirect_selection': 'eager', 'introspect': 'True', 'fail_fast': 'False', 'maximum_seed_size_mib': '1', 'quiet': 'False', 'log_cache_events': 'False', 'send_anonymous_usage_stats': 'True', 'log_format': 'default', 'use_colors': 'True', 'warn_error': 'None', 'write_json': 'True', 'invocation_command': 'dbt run --model mart_movie_releases', 'target_path': 'None', 'debug': 'False'}
[0m12:10:31.459681 [warn ] [MainThread]: [[33mWARNING[0m][ModelParamUsageDeprecation]: Deprecated functionality
Usage of `--models`, `--model`, and `-m` is deprecated in favor of `--select` or
`-s`.
[0m12:10:31.459834 [debug] [MainThread]: Sending event: {'category': 'dbt', 'action': 'deprecation', 'label': 'e28d3dad-1848-44a2-8222-5c0ab882119b', 'property_': 'warn', 'context': [<snowplow_tracker.self_describing_json.SelfDescribingJson object at 0x1071ab100>]}
[0m12:10:31.460075 [error] [MainThread]: [[31mERROR[0m]: Encountered an error:
Runtime Error
  No dbt_project.yml found at expected path /Users/shahbazshaikh/Documents/netflixdbt/dbt_project.yml
  Verify that each entry within packages.yml (and their transitive dependencies) contains a file named dbt_project.yml
  
[0m12:10:31.460257 [warn ] [MainThread]: [[33mWARNING[0m][DeprecationsSummary]: Deprecated functionality
Summary of encountered deprecations:
- ModelParamUsageDeprecation: 1 occurrence
To see all deprecation instances instead of just the first occurrence of each,
run command again with the `--show-all-deprecations` flag. You may also need to
run with `--no-partial-parse` as some deprecations are only encountered during
parsing.
[0m12:10:31.461893 [debug] [MainThread]: Resource report: {"command_name": "run", "command_success": false, "command_wall_clock_time": 0.040399667, "process_in_blocks": "0", "process_kernel_time": 0.072724, "process_mem_max_rss": "121159680", "process_out_blocks": "0", "process_user_time": 0.5003}
[0m12:10:31.462183 [debug] [MainThread]: Command `dbt run` failed at 12:10:31.462136 after 0.04 seconds
[0m12:10:31.462337 [debug] [MainThread]: Sending event: {'category': 'dbt', 'action': 'invocation', 'label': 'end', 'context': [<snowplow_tracker.self_describing_json.SelfDescribingJson object at 0x1071f18c0>, <snowplow_tracker.self_describing_json.SelfDescribingJson object at 0x1071f19d0>, <snowplow_tracker.self_describing_json.SelfDescribingJson object at 0x106fb3750>]}
[0m12:10:31.462490 [debug] [MainThread]: Flushing usage events
[0m12:10:32.313091 [debug] [MainThread]: An error was encountered while trying to flush usage events
